<?xml version="1.0" encoding="UTF-8"?>
<!-- Generated by org.testng.reporters.JUnitXMLReporter -->
<testsuite hostname="TechAviator-PC" name="RegSet1" tests="1" failures="1" timestamp="25 Jun 2016 11:40:15 GMT" time="46.046" errors="0">
  <testcase name="test_InvalidSearch" time="45.806" classname="Scenario_Component.Scenario_Search">
    <failure type="java.lang.AssertionError" message="The following asserts failed:
null">
      <![CDATA[java.lang.AssertionError: The following asserts failed:
null
	at Scenario_Component.Scenario_Search.test_InvalidSearch(Scenario_Search.java:54)
... Removed 25 stack frames]]>
    </failure>
  </testcase> <!-- test_InvalidSearch -->
</testsuite> <!-- RegSet1 -->
