<?xml version="1.0" encoding="UTF-8"?>
<testng-results skipped="0" failed="0" total="1" passed="1">
  <reporter-output>
  </reporter-output>
  <suite name="Novbatch" duration-ms="40582" started-at="2016-06-25T11:54:44Z" finished-at="2016-06-25T11:55:25Z">
    <groups>
      <group name="smoke">
        <method signature="Scenario_Search.test_InvalidSearch(java.lang.String, java.lang.String, java.lang.String, java.lang.String)[pri:0, instance:Scenario_Component.Scenario_Search@34c4973]" name="test_InvalidSearch" class="Scenario_Component.Scenario_Search"/>
      </group> <!-- smoke -->
    </groups>
    <test name="RegSet1" duration-ms="40582" started-at="2016-06-25T11:54:44Z" finished-at="2016-06-25T11:55:25Z">
      <class name="Scenario_Component.Scenario_Search">
        <test-method status="PASS" signature="test_InvalidSearch(java.lang.String, java.lang.String, java.lang.String, java.lang.String)[pri:0, instance:Scenario_Component.Scenario_Search@34c4973]" name="test_InvalidSearch" duration-ms="40358" started-at="2016-06-25T17:24:45Z" data-provider="dp_InvalidSearch" finished-at="2016-06-25T17:25:25Z">
          <params>
            <param index="0">
              <value>
                <![CDATA[GB_01]]>
              </value>
            </param>
            <param index="1">
              <value>
                <![CDATA[1.0]]>
              </value>
            </param>
            <param index="2">
              <value>
                <![CDATA[ghgshjhja]]>
              </value>
            </param>
            <param index="3">
              <value>
                <![CDATA[Sorry! There are no products to display.]]>
              </value>
            </param>
          </params>
          <reporter-output>
          </reporter-output>
        </test-method> <!-- test_InvalidSearch -->
      </class> <!-- Scenario_Component.Scenario_Search -->
    </test> <!-- RegSet1 -->
  </suite> <!-- Novbatch -->
</testng-results>
